09 5月 2025 12:52:30,113 INFO com.sismics.util.jpa.EMF.getEntityManagerProperties(EMF.java:67) Configuring EntityManager from hibernate.properties 
09 5月 2025 12:52:30,399 INFO com.sismics.util.jpa.DbOpenHelper.open(DbOpenHelper.java:57) Opening database and executing incremental updates 
09 5月 2025 12:52:30,400 INFO com.sismics.util.jpa.DbOpenHelper.open(DbOpenHelper.java:83) Unable to get database version: Table T_CONFIG not found 
09 5月 2025 12:52:30,400 INFO com.sismics.util.jpa.DbOpenHelper.open(DbOpenHelper.java:98) Executing initial schema creation script 
09 5月 2025 12:52:30,402 INFO com.sismics.util.jpa.DbOpenHelper.executeAllScript(DbOpenHelper.java:142) Executing script: dbupdate-000-0.sql 
09 5月 2025 12:52:30,426 ERROR com.sismics.util.jpa.DbOpenHelper.executeScript(DbOpenHelper.java:172) Error executing SQL statement: alter table T_USER_REQUEST add constraint FK_USR_IDUSER_C foreign key (USR_IDUSER_C) references T_USER (USE_ID_C) on delete restrict on update restrict; 
09 5月 2025 12:52:30,426 ERROR com.sismics.util.jpa.DbOpenHelper.executeScript(DbOpenHelper.java:173) Table "T_USER_REQUEST" not found; SQL statement:
alter table T_USER_REQUEST add constraint FK_USR_IDUSER_C foreign key (USR_IDUSER_C) references T_USER (USE_ID_C) on delete restrict on update restrict; [42102-199] 
09 5月 2025 12:52:30,430 INFO com.sismics.util.jpa.DbOpenHelper.open(DbOpenHelper.java:106) Found database version 0, new version is 32, executing database incremental update scripts 
09 5月 2025 12:52:30,431 INFO com.sismics.util.jpa.DbOpenHelper.executeAllScript(DbOpenHelper.java:142) Executing script: dbupdate-001-0.sql 
09 5月 2025 12:52:30,442 INFO com.sismics.util.jpa.DbOpenHelper.executeAllScript(DbOpenHelper.java:142) Executing script: dbupdate-002-0.sql 
09 5月 2025 12:52:30,444 INFO com.sismics.util.jpa.DbOpenHelper.executeAllScript(DbOpenHelper.java:142) Executing script: dbupdate-003-0.sql 
09 5月 2025 12:52:30,446 INFO com.sismics.util.jpa.DbOpenHelper.executeAllScript(DbOpenHelper.java:142) Executing script: dbupdate-004-0.sql 
09 5月 2025 12:52:30,451 INFO com.sismics.util.jpa.DbOpenHelper.executeAllScript(DbOpenHelper.java:142) Executing script: dbupdate-005-0.sql 
09 5月 2025 12:52:30,452 INFO com.sismics.util.jpa.DbOpenHelper.executeAllScript(DbOpenHelper.java:142) Executing script: dbupdate-006-0.sql 
09 5月 2025 12:52:30,478 INFO com.sismics.util.jpa.DbOpenHelper.executeAllScript(DbOpenHelper.java:142) Executing script: dbupdate-007-0.sql 
09 5月 2025 12:52:30,479 INFO com.sismics.util.jpa.DbOpenHelper.executeAllScript(DbOpenHelper.java:142) Executing script: dbupdate-008-0.sql 
09 5月 2025 12:52:30,480 INFO com.sismics.util.jpa.DbOpenHelper.executeAllScript(DbOpenHelper.java:142) Executing script: dbupdate-009-0.sql 
09 5月 2025 12:52:30,482 INFO com.sismics.util.jpa.DbOpenHelper.executeAllScript(DbOpenHelper.java:142) Executing script: dbupdate-010-0.sql 
09 5月 2025 12:52:30,483 INFO com.sismics.util.jpa.DbOpenHelper.executeAllScript(DbOpenHelper.java:142) Executing script: dbupdate-011-0.sql 
09 5月 2025 12:52:30,484 INFO com.sismics.util.jpa.DbOpenHelper.executeAllScript(DbOpenHelper.java:142) Executing script: dbupdate-012-0.sql 
09 5月 2025 12:52:30,485 INFO com.sismics.util.jpa.DbOpenHelper.executeAllScript(DbOpenHelper.java:142) Executing script: dbupdate-013-0.sql 
09 5月 2025 12:52:30,486 INFO com.sismics.util.jpa.DbOpenHelper.executeAllScript(DbOpenHelper.java:142) Executing script: dbupdate-014-0.sql 
09 5月 2025 12:52:30,488 INFO com.sismics.util.jpa.DbOpenHelper.executeAllScript(DbOpenHelper.java:142) Executing script: dbupdate-015-0.sql 
09 5月 2025 12:52:30,492 INFO com.sismics.util.jpa.DbOpenHelper.executeAllScript(DbOpenHelper.java:142) Executing script: dbupdate-016-0.sql 
09 5月 2025 12:52:30,493 INFO com.sismics.util.jpa.DbOpenHelper.executeAllScript(DbOpenHelper.java:142) Executing script: dbupdate-017-0.sql 
09 5月 2025 12:52:30,494 INFO com.sismics.util.jpa.DbOpenHelper.executeAllScript(DbOpenHelper.java:142) Executing script: dbupdate-018-0.sql 
09 5月 2025 12:52:30,502 INFO com.sismics.util.jpa.DbOpenHelper.executeAllScript(DbOpenHelper.java:142) Executing script: dbupdate-019-0.sql 
09 5月 2025 12:52:30,502 INFO com.sismics.util.jpa.DbOpenHelper.executeAllScript(DbOpenHelper.java:142) Executing script: dbupdate-020-0.sql 
09 5月 2025 12:52:30,503 INFO com.sismics.util.jpa.DbOpenHelper.executeAllScript(DbOpenHelper.java:142) Executing script: dbupdate-021-0.sql 
09 5月 2025 12:52:30,505 INFO com.sismics.util.jpa.DbOpenHelper.executeAllScript(DbOpenHelper.java:142) Executing script: dbupdate-022-0.sql 
09 5月 2025 12:52:30,508 INFO com.sismics.util.jpa.DbOpenHelper.executeAllScript(DbOpenHelper.java:142) Executing script: dbupdate-023-0.sql 
09 5月 2025 12:52:30,510 INFO com.sismics.util.jpa.DbOpenHelper.executeAllScript(DbOpenHelper.java:142) Executing script: dbupdate-024-0.sql 
09 5月 2025 12:52:30,512 INFO com.sismics.util.jpa.DbOpenHelper.executeAllScript(DbOpenHelper.java:142) Executing script: dbupdate-025-0.sql 
09 5月 2025 12:52:30,512 INFO com.sismics.util.jpa.DbOpenHelper.executeAllScript(DbOpenHelper.java:142) Executing script: dbupdate-026-0.sql 
09 5月 2025 12:52:30,513 INFO com.sismics.util.jpa.DbOpenHelper.executeAllScript(DbOpenHelper.java:142) Executing script: dbupdate-027-0.sql 
09 5月 2025 12:52:30,513 INFO com.sismics.util.jpa.DbOpenHelper.executeAllScript(DbOpenHelper.java:142) Executing script: dbupdate-028-0.sql 
09 5月 2025 12:52:30,514 INFO com.sismics.util.jpa.DbOpenHelper.executeAllScript(DbOpenHelper.java:142) Executing script: dbupdate-029-0.sql 
09 5月 2025 12:52:30,515 INFO com.sismics.util.jpa.DbOpenHelper.executeAllScript(DbOpenHelper.java:142) Executing script: dbupdate-030-0.sql 
09 5月 2025 12:52:30,515 INFO com.sismics.util.jpa.DbOpenHelper.executeAllScript(DbOpenHelper.java:142) Executing script: dbupdate-031-0.sql 
09 5月 2025 12:52:30,516 INFO com.sismics.util.jpa.DbOpenHelper.executeAllScript(DbOpenHelper.java:142) Executing script: dbupdate-032-0.sql 
09 5月 2025 12:52:30,516 INFO com.sismics.util.jpa.DbOpenHelper.open(DbOpenHelper.java:108) Database upgrade complete 
09 5月 2025 12:52:30,516 INFO com.sismics.util.jpa.EMF.getEntityManagerProperties(EMF.java:67) Configuring EntityManager from hibernate.properties 
09 5月 2025 12:52:31,300 INFO com.sismics.util.ClasspathScanner.findClasses(ClasspathScanner.java:48) Found 1 classes for IndexingHandler 
09 5月 2025 12:52:31,317 INFO com.sismics.docs.core.util.indexing.LuceneIndexingHandler.initLucene(LuceneIndexingHandler.java:132) Using file Lucene storage: ../data/docs/lucene 
09 5月 2025 12:52:31,356 INFO com.sismics.docs.core.service.FileService.startUp(FileService.java:39) File service starting up 
09 5月 2025 12:52:31,357 INFO com.sismics.docs.core.service.InboxService.startUp(InboxService.java:52) Inbox service starting up 
09 5月 2025 12:52:31,357 INFO com.sismics.docs.core.service.FileSizeService.startUp(FileSizeService.java:30) File size service starting up 
09 5月 2025 12:52:31,498 INFO com.sismics.docs.core.service.FileSizeService.lambda$runOneIteration$0(FileSizeService.java:50) No more file to process, stopping the service 
09 5月 2025 12:52:31,498 INFO com.sismics.docs.core.service.FileSizeService.shutDown(FileSizeService.java:35) File size service shutting down 
09 5月 2025 12:53:07,634 INFO com.sismics.util.ClasspathScanner.findClasses(ClasspathScanner.java:48) Found 2 classes for AuthenticationHandler 
09 5月 2025 12:53:13,635 INFO com.sismics.docs.core.util.FileUtil.startProcessingFile(FileUtil.java:225) Processing started for file: c57cb32b-47ff-418d-8b85-187f083a5bb9 
09 5月 2025 12:53:13,638 INFO com.sismics.docs.core.listener.async.FileProcessingAsyncListener.on(FileProcessingAsyncListener.java:53) File created event: FileCreatedAsyncEvent{fileId=c57cb32b-47ff-418d-8b85-187f083a5bb9, language=null} 
09 5月 2025 12:53:13,680 INFO com.sismics.util.ClasspathScanner.findClasses(ClasspathScanner.java:48) Found 7 classes for FormatHandler 
09 5月 2025 12:53:14,052 INFO com.sismics.docs.core.listener.async.FileProcessingAsyncListener.extractContent(FileProcessingAsyncListener.java:176) Start extracting content from: File{id=c57cb32b-47ff-418d-8b85-187f083a5bb9, name=IMG_1697.jpg} 
09 5月 2025 12:53:14,052 INFO com.sismics.docs.core.listener.async.FileProcessingAsyncListener.extractContent(FileProcessingAsyncListener.java:182) File content extracted in 0ms: c57cb32b-47ff-418d-8b85-187f083a5bb9 
09 5月 2025 12:53:14,107 INFO com.sismics.docs.core.util.FileUtil.endProcessingFile(FileUtil.java:235) Processing ended for file: c57cb32b-47ff-418d-8b85-187f083a5bb9 
09 5月 2025 12:53:54,911 INFO com.sismics.docs.core.service.InboxService.shutDown(InboxService.java:57) Inbox service shutting down 
09 5月 2025 12:53:54,911 INFO com.sismics.docs.core.service.FileService.shutDown(FileService.java:44) File service shutting down 
09 5月 2025 12:53:57,964 INFO com.sismics.util.jpa.EMF.getEntityManagerProperties(EMF.java:67) Configuring EntityManager from hibernate.properties 
09 5月 2025 12:54:01,618 INFO com.sismics.util.jpa.DbOpenHelper.open(DbOpenHelper.java:57) Opening database and executing incremental updates 
09 5月 2025 12:54:01,620 INFO com.sismics.util.jpa.DbOpenHelper.open(DbOpenHelper.java:106) Found database version 32, new version is 32, executing database incremental update scripts 
09 5月 2025 12:54:01,620 INFO com.sismics.util.jpa.DbOpenHelper.open(DbOpenHelper.java:108) Database upgrade complete 
09 5月 2025 12:54:01,620 INFO com.sismics.util.jpa.EMF.getEntityManagerProperties(EMF.java:67) Configuring EntityManager from hibernate.properties 
09 5月 2025 12:54:02,430 INFO com.sismics.util.ClasspathScanner.findClasses(ClasspathScanner.java:48) Found 1 classes for IndexingHandler 
09 5月 2025 12:54:02,448 INFO com.sismics.docs.core.util.indexing.LuceneIndexingHandler.initLucene(LuceneIndexingHandler.java:132) Using file Lucene storage: ../data/docs/lucene 
09 5月 2025 12:54:02,491 INFO com.sismics.docs.core.util.indexing.LuceneIndexingHandler.initLucene(LuceneIndexingHandler.java:144) Checking index health and version 
09 5月 2025 12:54:02,513 INFO com.sismics.docs.core.service.FileService.startUp(FileService.java:39) File service starting up 
09 5月 2025 12:54:02,514 INFO com.sismics.docs.core.service.InboxService.startUp(InboxService.java:52) Inbox service starting up 
09 5月 2025 12:54:02,515 INFO com.sismics.docs.core.service.FileSizeService.startUp(FileSizeService.java:30) File size service starting up 
09 5月 2025 12:54:02,644 INFO com.sismics.docs.core.service.FileSizeService.lambda$runOneIteration$0(FileSizeService.java:50) No more file to process, stopping the service 
09 5月 2025 12:54:02,645 INFO com.sismics.docs.core.service.FileSizeService.shutDown(FileSizeService.java:35) File size service shutting down 
09 5月 2025 12:54:22,068 INFO com.sismics.util.ClasspathScanner.findClasses(ClasspathScanner.java:48) Found 2 classes for AuthenticationHandler 
09 5月 2025 14:51:34,287 INFO com.sismics.docs.core.service.InboxService.shutDown(InboxService.java:57) Inbox service shutting down 
09 5月 2025 14:51:34,288 INFO com.sismics.docs.core.service.FileService.shutDown(FileService.java:44) File service shutting down 
09 5月 2025 14:51:58,053 INFO com.sismics.util.jpa.EMF.getEntityManagerProperties(EMF.java:67) Configuring EntityManager from hibernate.properties 
09 5月 2025 14:52:01,700 INFO com.sismics.util.jpa.DbOpenHelper.open(DbOpenHelper.java:57) Opening database and executing incremental updates 
09 5月 2025 14:52:01,702 INFO com.sismics.util.jpa.DbOpenHelper.open(DbOpenHelper.java:106) Found database version 32, new version is 32, executing database incremental update scripts 
09 5月 2025 14:52:01,702 INFO com.sismics.util.jpa.DbOpenHelper.open(DbOpenHelper.java:108) Database upgrade complete 
09 5月 2025 14:52:01,702 INFO com.sismics.util.jpa.EMF.getEntityManagerProperties(EMF.java:67) Configuring EntityManager from hibernate.properties 
09 5月 2025 14:52:02,473 INFO com.sismics.util.ClasspathScanner.findClasses(ClasspathScanner.java:48) Found 1 classes for IndexingHandler 
09 5月 2025 14:52:02,490 INFO com.sismics.docs.core.util.indexing.LuceneIndexingHandler.initLucene(LuceneIndexingHandler.java:132) Using file Lucene storage: ../data/docs/lucene 
09 5月 2025 14:52:02,525 INFO com.sismics.docs.core.util.indexing.LuceneIndexingHandler.initLucene(LuceneIndexingHandler.java:144) Checking index health and version 
09 5月 2025 14:52:02,547 INFO com.sismics.docs.core.service.FileService.startUp(FileService.java:39) File service starting up 
09 5月 2025 14:52:02,549 INFO com.sismics.docs.core.service.InboxService.startUp(InboxService.java:52) Inbox service starting up 
09 5月 2025 14:52:02,549 INFO com.sismics.docs.core.service.FileSizeService.startUp(FileSizeService.java:30) File size service starting up 
09 5月 2025 14:52:02,669 INFO com.sismics.docs.core.service.FileSizeService.lambda$runOneIteration$0(FileSizeService.java:50) No more file to process, stopping the service 
09 5月 2025 14:52:02,669 INFO com.sismics.docs.core.service.FileSizeService.shutDown(FileSizeService.java:35) File size service shutting down 
09 5月 2025 14:52:33,768 INFO com.sismics.util.ClasspathScanner.findClasses(ClasspathScanner.java:48) Found 2 classes for AuthenticationHandler 
09 5月 2025 14:53:35,322 INFO com.sismics.docs.core.service.InboxService.shutDown(InboxService.java:57) Inbox service shutting down 
09 5月 2025 14:53:35,322 INFO com.sismics.docs.core.service.FileService.shutDown(FileService.java:44) File service shutting down 
09 5月 2025 14:53:48,807 INFO com.sismics.util.jpa.EMF.getEntityManagerProperties(EMF.java:67) Configuring EntityManager from hibernate.properties 
09 5月 2025 14:53:52,496 INFO com.sismics.util.jpa.DbOpenHelper.open(DbOpenHelper.java:57) Opening database and executing incremental updates 
09 5月 2025 14:53:52,498 INFO com.sismics.util.jpa.DbOpenHelper.open(DbOpenHelper.java:106) Found database version 32, new version is 32, executing database incremental update scripts 
09 5月 2025 14:53:52,498 INFO com.sismics.util.jpa.DbOpenHelper.open(DbOpenHelper.java:108) Database upgrade complete 
09 5月 2025 14:53:52,498 INFO com.sismics.util.jpa.EMF.getEntityManagerProperties(EMF.java:67) Configuring EntityManager from hibernate.properties 
09 5月 2025 14:53:53,266 INFO com.sismics.util.ClasspathScanner.findClasses(ClasspathScanner.java:48) Found 1 classes for IndexingHandler 
09 5月 2025 14:53:53,283 INFO com.sismics.docs.core.util.indexing.LuceneIndexingHandler.initLucene(LuceneIndexingHandler.java:132) Using file Lucene storage: ../data/docs/lucene 
09 5月 2025 14:53:53,318 INFO com.sismics.docs.core.util.indexing.LuceneIndexingHandler.initLucene(LuceneIndexingHandler.java:144) Checking index health and version 
09 5月 2025 14:53:53,341 INFO com.sismics.docs.core.service.FileService.startUp(FileService.java:39) File service starting up 
09 5月 2025 14:53:53,343 INFO com.sismics.docs.core.service.InboxService.startUp(InboxService.java:52) Inbox service starting up 
09 5月 2025 14:53:53,343 INFO com.sismics.docs.core.service.FileSizeService.startUp(FileSizeService.java:30) File size service starting up 
09 5月 2025 14:53:53,460 INFO com.sismics.docs.core.service.FileSizeService.lambda$runOneIteration$0(FileSizeService.java:50) No more file to process, stopping the service 
09 5月 2025 14:53:53,461 INFO com.sismics.docs.core.service.FileSizeService.shutDown(FileSizeService.java:35) File size service shutting down 
09 5月 2025 14:54:49,718 INFO com.sismics.util.ClasspathScanner.findClasses(ClasspathScanner.java:48) Found 2 classes for AuthenticationHandler 
09 5月 2025 15:03:09,260 INFO com.sismics.docs.core.service.InboxService.shutDown(InboxService.java:57) Inbox service shutting down 
09 5月 2025 15:03:09,260 INFO com.sismics.docs.core.service.FileService.shutDown(FileService.java:44) File service shutting down 
09 5月 2025 15:03:29,087 INFO com.sismics.util.jpa.EMF.getEntityManagerProperties(EMF.java:67) Configuring EntityManager from hibernate.properties 
09 5月 2025 15:03:32,724 INFO com.sismics.util.jpa.DbOpenHelper.open(DbOpenHelper.java:57) Opening database and executing incremental updates 
09 5月 2025 15:03:32,726 INFO com.sismics.util.jpa.DbOpenHelper.open(DbOpenHelper.java:106) Found database version 32, new version is 32, executing database incremental update scripts 
09 5月 2025 15:03:32,726 INFO com.sismics.util.jpa.DbOpenHelper.open(DbOpenHelper.java:108) Database upgrade complete 
09 5月 2025 15:03:32,726 INFO com.sismics.util.jpa.EMF.getEntityManagerProperties(EMF.java:67) Configuring EntityManager from hibernate.properties 
09 5月 2025 15:03:33,504 INFO com.sismics.util.ClasspathScanner.findClasses(ClasspathScanner.java:48) Found 1 classes for IndexingHandler 
09 5月 2025 15:03:33,530 INFO com.sismics.docs.core.util.indexing.LuceneIndexingHandler.initLucene(LuceneIndexingHandler.java:132) Using file Lucene storage: ../data/docs/lucene 
09 5月 2025 15:03:33,566 INFO com.sismics.docs.core.util.indexing.LuceneIndexingHandler.initLucene(LuceneIndexingHandler.java:144) Checking index health and version 
09 5月 2025 15:03:33,589 INFO com.sismics.docs.core.service.FileService.startUp(FileService.java:39) File service starting up 
09 5月 2025 15:03:33,590 INFO com.sismics.docs.core.service.InboxService.startUp(InboxService.java:52) Inbox service starting up 
09 5月 2025 15:03:33,590 INFO com.sismics.docs.core.service.FileSizeService.startUp(FileSizeService.java:30) File size service starting up 
09 5月 2025 15:03:33,742 INFO com.sismics.docs.core.service.FileSizeService.lambda$runOneIteration$0(FileSizeService.java:50) No more file to process, stopping the service 
09 5月 2025 15:03:33,743 INFO com.sismics.docs.core.service.FileSizeService.shutDown(FileSizeService.java:35) File size service shutting down 
09 5月 2025 15:03:48,713 INFO com.sismics.util.ClasspathScanner.findClasses(ClasspathScanner.java:48) Found 2 classes for AuthenticationHandler 
09 5月 2025 15:08:52,716 INFO com.sismics.docs.core.service.InboxService.shutDown(InboxService.java:57) Inbox service shutting down 
09 5月 2025 15:08:52,717 INFO com.sismics.docs.core.service.FileService.shutDown(FileService.java:44) File service shutting down 
09 5月 2025 15:10:11,287 INFO com.sismics.util.jpa.EMF.getEntityManagerProperties(EMF.java:67) Configuring EntityManager from hibernate.properties 
09 5月 2025 15:10:14,933 INFO com.sismics.util.jpa.DbOpenHelper.open(DbOpenHelper.java:57) Opening database and executing incremental updates 
09 5月 2025 15:10:14,934 INFO com.sismics.util.jpa.DbOpenHelper.open(DbOpenHelper.java:106) Found database version 32, new version is 32, executing database incremental update scripts 
09 5月 2025 15:10:14,934 INFO com.sismics.util.jpa.DbOpenHelper.open(DbOpenHelper.java:108) Database upgrade complete 
09 5月 2025 15:10:14,935 INFO com.sismics.util.jpa.EMF.getEntityManagerProperties(EMF.java:67) Configuring EntityManager from hibernate.properties 
09 5月 2025 15:10:15,722 INFO com.sismics.util.ClasspathScanner.findClasses(ClasspathScanner.java:48) Found 1 classes for IndexingHandler 
09 5月 2025 15:10:15,740 INFO com.sismics.docs.core.util.indexing.LuceneIndexingHandler.initLucene(LuceneIndexingHandler.java:132) Using file Lucene storage: ../data/docs/lucene 
09 5月 2025 15:10:15,776 INFO com.sismics.docs.core.util.indexing.LuceneIndexingHandler.initLucene(LuceneIndexingHandler.java:144) Checking index health and version 
09 5月 2025 15:10:15,799 INFO com.sismics.docs.core.service.FileService.startUp(FileService.java:39) File service starting up 
09 5月 2025 15:10:15,800 INFO com.sismics.docs.core.service.InboxService.startUp(InboxService.java:52) Inbox service starting up 
09 5月 2025 15:10:15,800 INFO com.sismics.docs.core.service.FileSizeService.startUp(FileSizeService.java:30) File size service starting up 
09 5月 2025 15:10:15,948 INFO com.sismics.docs.core.service.FileSizeService.lambda$runOneIteration$0(FileSizeService.java:50) No more file to process, stopping the service 
09 5月 2025 15:10:15,948 INFO com.sismics.docs.core.service.FileSizeService.shutDown(FileSizeService.java:35) File size service shutting down 
09 5月 2025 15:10:30,238 INFO com.sismics.util.ClasspathScanner.findClasses(ClasspathScanner.java:48) Found 2 classes for AuthenticationHandler 
09 5月 2025 15:13:12,209 INFO com.sismics.docs.core.service.InboxService.shutDown(InboxService.java:57) Inbox service shutting down 
09 5月 2025 15:13:12,210 INFO com.sismics.docs.core.service.FileService.shutDown(FileService.java:44) File service shutting down 
09 5月 2025 15:14:53,731 INFO com.sismics.util.jpa.EMF.getEntityManagerProperties(EMF.java:67) Configuring EntityManager from hibernate.properties 
09 5月 2025 15:15:08,085 INFO com.sismics.util.jpa.EMF.getEntityManagerProperties(EMF.java:67) Configuring EntityManager from hibernate.properties 
09 5月 2025 15:15:11,748 INFO com.sismics.util.jpa.DbOpenHelper.open(DbOpenHelper.java:57) Opening database and executing incremental updates 
09 5月 2025 15:15:11,750 INFO com.sismics.util.jpa.DbOpenHelper.open(DbOpenHelper.java:106) Found database version 32, new version is 32, executing database incremental update scripts 
09 5月 2025 15:15:11,750 INFO com.sismics.util.jpa.DbOpenHelper.open(DbOpenHelper.java:108) Database upgrade complete 
09 5月 2025 15:15:11,750 INFO com.sismics.util.jpa.EMF.getEntityManagerProperties(EMF.java:67) Configuring EntityManager from hibernate.properties 
09 5月 2025 15:15:12,549 INFO com.sismics.util.ClasspathScanner.findClasses(ClasspathScanner.java:48) Found 1 classes for IndexingHandler 
09 5月 2025 15:15:12,570 INFO com.sismics.docs.core.util.indexing.LuceneIndexingHandler.initLucene(LuceneIndexingHandler.java:132) Using file Lucene storage: ../data/docs/lucene 
09 5月 2025 15:15:12,606 INFO com.sismics.docs.core.util.indexing.LuceneIndexingHandler.initLucene(LuceneIndexingHandler.java:144) Checking index health and version 
09 5月 2025 15:15:12,629 INFO com.sismics.docs.core.service.FileService.startUp(FileService.java:39) File service starting up 
09 5月 2025 15:15:12,631 INFO com.sismics.docs.core.service.InboxService.startUp(InboxService.java:52) Inbox service starting up 
09 5月 2025 15:15:12,631 INFO com.sismics.docs.core.service.FileSizeService.startUp(FileSizeService.java:30) File size service starting up 
09 5月 2025 15:15:12,782 INFO com.sismics.docs.core.service.FileSizeService.lambda$runOneIteration$0(FileSizeService.java:50) No more file to process, stopping the service 
09 5月 2025 15:15:12,783 INFO com.sismics.docs.core.service.FileSizeService.shutDown(FileSizeService.java:35) File size service shutting down 
09 5月 2025 15:18:13,670 INFO com.sismics.util.ClasspathScanner.findClasses(ClasspathScanner.java:48) Found 2 classes for AuthenticationHandler 
09 5月 2025 15:20:16,422 INFO com.sismics.docs.core.service.InboxService.shutDown(InboxService.java:57) Inbox service shutting down 
09 5月 2025 15:20:16,423 INFO com.sismics.docs.core.service.FileService.shutDown(FileService.java:44) File service shutting down 
09 5月 2025 15:20:28,854 INFO com.sismics.util.jpa.EMF.getEntityManagerProperties(EMF.java:67) Configuring EntityManager from hibernate.properties 
09 5月 2025 15:20:32,528 INFO com.sismics.util.jpa.DbOpenHelper.open(DbOpenHelper.java:57) Opening database and executing incremental updates 
09 5月 2025 15:20:32,530 INFO com.sismics.util.jpa.DbOpenHelper.open(DbOpenHelper.java:106) Found database version 32, new version is 31, executing database incremental update scripts 
09 5月 2025 15:20:32,530 INFO com.sismics.util.jpa.DbOpenHelper.open(DbOpenHelper.java:108) Database upgrade complete 
09 5月 2025 15:20:32,530 INFO com.sismics.util.jpa.EMF.getEntityManagerProperties(EMF.java:67) Configuring EntityManager from hibernate.properties 
09 5月 2025 15:20:33,311 INFO com.sismics.util.ClasspathScanner.findClasses(ClasspathScanner.java:48) Found 1 classes for IndexingHandler 
09 5月 2025 15:20:33,330 INFO com.sismics.docs.core.util.indexing.LuceneIndexingHandler.initLucene(LuceneIndexingHandler.java:132) Using file Lucene storage: ../data/docs/lucene 
09 5月 2025 15:20:33,373 INFO com.sismics.docs.core.util.indexing.LuceneIndexingHandler.initLucene(LuceneIndexingHandler.java:144) Checking index health and version 
09 5月 2025 15:20:33,413 INFO com.sismics.docs.core.service.FileService.startUp(FileService.java:39) File service starting up 
09 5月 2025 15:20:33,415 INFO com.sismics.docs.core.service.InboxService.startUp(InboxService.java:52) Inbox service starting up 
09 5月 2025 15:20:33,415 INFO com.sismics.docs.core.service.FileSizeService.startUp(FileSizeService.java:30) File size service starting up 
09 5月 2025 15:20:33,575 INFO com.sismics.docs.core.service.FileSizeService.lambda$runOneIteration$0(FileSizeService.java:50) No more file to process, stopping the service 
09 5月 2025 15:20:33,576 INFO com.sismics.docs.core.service.FileSizeService.shutDown(FileSizeService.java:35) File size service shutting down 
09 5月 2025 15:20:38,296 INFO com.sismics.docs.core.service.InboxService.shutDown(InboxService.java:57) Inbox service shutting down 
09 5月 2025 15:20:38,297 INFO com.sismics.docs.core.service.FileService.shutDown(FileService.java:44) File service shutting down 
09 5月 2025 15:20:49,470 INFO com.sismics.util.jpa.EMF.getEntityManagerProperties(EMF.java:67) Configuring EntityManager from hibernate.properties 
09 5月 2025 15:20:53,114 INFO com.sismics.util.jpa.DbOpenHelper.open(DbOpenHelper.java:57) Opening database and executing incremental updates 
09 5月 2025 15:20:53,116 INFO com.sismics.util.jpa.DbOpenHelper.open(DbOpenHelper.java:106) Found database version 32, new version is 32, executing database incremental update scripts 
09 5月 2025 15:20:53,116 INFO com.sismics.util.jpa.DbOpenHelper.open(DbOpenHelper.java:108) Database upgrade complete 
09 5月 2025 15:20:53,116 INFO com.sismics.util.jpa.EMF.getEntityManagerProperties(EMF.java:67) Configuring EntityManager from hibernate.properties 
09 5月 2025 15:20:53,879 INFO com.sismics.util.ClasspathScanner.findClasses(ClasspathScanner.java:48) Found 1 classes for IndexingHandler 
09 5月 2025 15:20:53,896 INFO com.sismics.docs.core.util.indexing.LuceneIndexingHandler.initLucene(LuceneIndexingHandler.java:132) Using file Lucene storage: ../data/docs/lucene 
09 5月 2025 15:20:53,928 INFO com.sismics.docs.core.util.indexing.LuceneIndexingHandler.initLucene(LuceneIndexingHandler.java:144) Checking index health and version 
09 5月 2025 15:20:53,949 INFO com.sismics.docs.core.service.FileService.startUp(FileService.java:39) File service starting up 
09 5月 2025 15:20:53,950 INFO com.sismics.docs.core.service.InboxService.startUp(InboxService.java:52) Inbox service starting up 
09 5月 2025 15:20:53,951 INFO com.sismics.docs.core.service.FileSizeService.startUp(FileSizeService.java:30) File size service starting up 
09 5月 2025 15:20:54,113 INFO com.sismics.docs.core.service.FileSizeService.lambda$runOneIteration$0(FileSizeService.java:50) No more file to process, stopping the service 
09 5月 2025 15:20:54,114 INFO com.sismics.docs.core.service.FileSizeService.shutDown(FileSizeService.java:35) File size service shutting down 
09 5月 2025 15:21:06,860 INFO com.sismics.util.ClasspathScanner.findClasses(ClasspathScanner.java:48) Found 2 classes for AuthenticationHandler 
09 5月 2025 15:22:40,662 INFO com.sismics.docs.core.service.InboxService.shutDown(InboxService.java:57) Inbox service shutting down 
09 5月 2025 15:22:40,663 INFO com.sismics.docs.core.service.FileService.shutDown(FileService.java:44) File service shutting down 
09 5月 2025 15:22:55,482 INFO com.sismics.util.jpa.EMF.getEntityManagerProperties(EMF.java:67) Configuring EntityManager from hibernate.properties 
09 5月 2025 15:22:59,128 INFO com.sismics.util.jpa.DbOpenHelper.open(DbOpenHelper.java:57) Opening database and executing incremental updates 
09 5月 2025 15:22:59,130 INFO com.sismics.util.jpa.DbOpenHelper.open(DbOpenHelper.java:106) Found database version 32, new version is 32, executing database incremental update scripts 
09 5月 2025 15:22:59,130 INFO com.sismics.util.jpa.DbOpenHelper.open(DbOpenHelper.java:108) Database upgrade complete 
09 5月 2025 15:22:59,130 INFO com.sismics.util.jpa.EMF.getEntityManagerProperties(EMF.java:67) Configuring EntityManager from hibernate.properties 
09 5月 2025 15:22:59,877 INFO com.sismics.util.ClasspathScanner.findClasses(ClasspathScanner.java:48) Found 1 classes for IndexingHandler 
09 5月 2025 15:22:59,895 INFO com.sismics.docs.core.util.indexing.LuceneIndexingHandler.initLucene(LuceneIndexingHandler.java:132) Using file Lucene storage: ../data/docs/lucene 
09 5月 2025 15:22:59,936 INFO com.sismics.docs.core.util.indexing.LuceneIndexingHandler.initLucene(LuceneIndexingHandler.java:144) Checking index health and version 
09 5月 2025 15:22:59,959 INFO com.sismics.docs.core.service.FileService.startUp(FileService.java:39) File service starting up 
09 5月 2025 15:22:59,960 INFO com.sismics.docs.core.service.InboxService.startUp(InboxService.java:52) Inbox service starting up 
09 5月 2025 15:22:59,960 INFO com.sismics.docs.core.service.FileSizeService.startUp(FileSizeService.java:30) File size service starting up 
09 5月 2025 15:23:00,086 INFO com.sismics.docs.core.service.FileSizeService.lambda$runOneIteration$0(FileSizeService.java:50) No more file to process, stopping the service 
09 5月 2025 15:23:00,086 INFO com.sismics.docs.core.service.FileSizeService.shutDown(FileSizeService.java:35) File size service shutting down 
09 5月 2025 15:23:14,834 INFO com.sismics.util.ClasspathScanner.findClasses(ClasspathScanner.java:48) Found 2 classes for AuthenticationHandler 
09 5月 2025 15:24:41,373 INFO com.sismics.docs.core.service.InboxService.shutDown(InboxService.java:57) Inbox service shutting down 
09 5月 2025 15:24:41,375 INFO com.sismics.docs.core.service.FileService.shutDown(FileService.java:44) File service shutting down 
09 5月 2025 15:24:55,873 INFO com.sismics.util.jpa.EMF.getEntityManagerProperties(EMF.java:67) Configuring EntityManager from hibernate.properties 
09 5月 2025 15:24:59,524 INFO com.sismics.util.jpa.DbOpenHelper.open(DbOpenHelper.java:57) Opening database and executing incremental updates 
09 5月 2025 15:24:59,526 INFO com.sismics.util.jpa.DbOpenHelper.open(DbOpenHelper.java:106) Found database version 32, new version is 32, executing database incremental update scripts 
09 5月 2025 15:24:59,526 INFO com.sismics.util.jpa.DbOpenHelper.open(DbOpenHelper.java:108) Database upgrade complete 
09 5月 2025 15:24:59,526 INFO com.sismics.util.jpa.EMF.getEntityManagerProperties(EMF.java:67) Configuring EntityManager from hibernate.properties 
09 5月 2025 15:25:00,289 INFO com.sismics.util.ClasspathScanner.findClasses(ClasspathScanner.java:48) Found 1 classes for IndexingHandler 
09 5月 2025 15:25:00,307 INFO com.sismics.docs.core.util.indexing.LuceneIndexingHandler.initLucene(LuceneIndexingHandler.java:132) Using file Lucene storage: ../data/docs/lucene 
09 5月 2025 15:25:00,346 INFO com.sismics.docs.core.util.indexing.LuceneIndexingHandler.initLucene(LuceneIndexingHandler.java:144) Checking index health and version 
09 5月 2025 15:25:00,372 INFO com.sismics.docs.core.service.FileService.startUp(FileService.java:39) File service starting up 
09 5月 2025 15:25:00,374 INFO com.sismics.docs.core.service.InboxService.startUp(InboxService.java:52) Inbox service starting up 
09 5月 2025 15:25:00,374 INFO com.sismics.docs.core.service.FileSizeService.startUp(FileSizeService.java:30) File size service starting up 
09 5月 2025 15:25:00,509 INFO com.sismics.docs.core.service.FileSizeService.lambda$runOneIteration$0(FileSizeService.java:50) No more file to process, stopping the service 
09 5月 2025 15:25:00,510 INFO com.sismics.docs.core.service.FileSizeService.shutDown(FileSizeService.java:35) File size service shutting down 
09 5月 2025 15:49:25,636 INFO com.sismics.util.ClasspathScanner.findClasses(ClasspathScanner.java:48) Found 2 classes for AuthenticationHandler 
